{"/Users/marcjabbour/Downloads/fabric-cli-master-functional/src/helpers/wallet.ts": {"path":"/Users/marcjabbour/Downloads/fabric-cli-master-functional/src/helpers/wallet.ts","statementMap":{"0":{"start":{"line":17,"column":0},"end":{"line":17,"column":31}},"1":{"start":{"line":18,"column":15},"end":{"line":18,"column":32}},"2":{"start":{"line":19,"column":15},"end":{"line":19,"column":32}},"3":{"start":{"line":20,"column":46},"end":{"line":20,"column":71}},"4":{"start":{"line":21,"column":17},"end":{"line":21,"column":63}},"5":{"start":{"line":22,"column":15},"end":{"line":22,"column":51}},"6":{"start":{"line":23,"column":0},"end":{"line":23,"column":33}},"7":{"start":{"line":28,"column":21},"end":{"line":28,"column":23}},"8":{"start":{"line":29,"column":29},"end":{"line":29,"column":37}},"9":{"start":{"line":34,"column":0},"end":{"line":37,"column":2}},"10":{"start":{"line":35,"column":2},"end":{"line":35,"column":43}},"11":{"start":{"line":36,"column":2},"end":{"line":36,"column":18}},"12":{"start":{"line":43,"column":0},"end":{"line":48,"column":2}},"13":{"start":{"line":44,"column":2},"end":{"line":44,"column":48}},"14":{"start":{"line":45,"column":17},"end":{"line":45,"column":42}},"15":{"start":{"line":46,"column":2},"end":{"line":46,"column":52}},"16":{"start":{"line":47,"column":2},"end":{"line":47,"column":16}},"17":{"start":{"line":56,"column":0},"end":{"line":60,"column":null}},"18":{"start":{"line":57,"column":22},"end":{"line":57,"column":69}},"19":{"start":{"line":58,"column":21},"end":{"line":58,"column":90}},"20":{"start":{"line":59,"column":2},"end":{"line":59,"column":20}},"21":{"start":{"line":67,"column":0},"end":{"line":71,"column":null}},"22":{"start":{"line":68,"column":22},"end":{"line":68,"column":69}},"23":{"start":{"line":69,"column":21},"end":{"line":69,"column":83}},"24":{"start":{"line":70,"column":2},"end":{"line":70,"column":20}},"25":{"start":{"line":80,"column":0},"end":{"line":89,"column":2}},"26":{"start":{"line":81,"column":2},"end":{"line":81,"column":48}},"27":{"start":{"line":82,"column":2},"end":{"line":88,"column":null}},"28":{"start":{"line":83,"column":4},"end":{"line":83,"column":48}},"29":{"start":{"line":84,"column":4},"end":{"line":84,"column":78}},"30":{"start":{"line":86,"column":4},"end":{"line":86,"column":62}},"31":{"start":{"line":87,"column":4},"end":{"line":87,"column":25}},"32":{"start":{"line":91,"column":0},"end":{"line":91,"column":24}}},"fnMap":{"0":{"name":"(anonymous_0)","decl":{"start":{"line":34,"column":19},"end":{"line":34,"column":22}},"loc":{"start":{"line":34,"column":24},"end":{"line":37,"column":1}}},"1":{"name":"(anonymous_1)","decl":{"start":{"line":43,"column":24},"end":{"line":43,"column":29}},"loc":{"start":{"line":43,"column":37},"end":{"line":48,"column":1}}},"2":{"name":"(anonymous_2)","decl":{"start":{"line":56,"column":23},"end":{"line":56,"column":24}},"loc":{"start":{"line":56,"column":46},"end":{"line":60,"column":1}}},"3":{"name":"(anonymous_3)","decl":{"start":{"line":67,"column":23},"end":{"line":67,"column":24}},"loc":{"start":{"line":67,"column":46},"end":{"line":71,"column":1}}},"4":{"name":"(anonymous_4)","decl":{"start":{"line":80,"column":24},"end":{"line":80,"column":29}},"loc":{"start":{"line":80,"column":53},"end":{"line":89,"column":1}}}},"branchMap":{},"s":{"0":1,"1":1,"2":1,"3":1,"4":1,"5":1,"6":1,"7":1,"8":1,"9":1,"10":0,"11":0,"12":1,"13":0,"14":0,"15":0,"16":0,"17":1,"18":0,"19":0,"20":0,"21":1,"22":0,"23":0,"24":0,"25":1,"26":0,"27":0,"28":0,"29":0,"30":0,"31":0,"32":1},"f":{"0":0,"1":0,"2":0,"3":0,"4":0},"b":{}}
,"/Users/marcjabbour/Downloads/fabric-cli-master-functional/src/lib/CreateGateway.ts": {"path":"/Users/marcjabbour/Downloads/fabric-cli-master-functional/src/lib/CreateGateway.ts","statementMap":{"0":{"start":{"line":19,"column":20},"end":{"line":19,"column":45}},"1":{"start":{"line":20,"column":21},"end":{"line":20,"column":49}},"2":{"start":{"line":35,"column":4},"end":{"line":35,"column":33}},"3":{"start":{"line":45,"column":4},"end":{"line":78,"column":null}},"4":{"start":{"line":46,"column":18},"end":{"line":46,"column":25}},"5":{"start":{"line":47,"column":19},"end":{"line":47,"column":27}},"6":{"start":{"line":48,"column":17},"end":{"line":48,"column":29}},"7":{"start":{"line":52,"column":23},"end":{"line":52,"column":62}},"8":{"start":{"line":53,"column":6},"end":{"line":58,"column":null}},"9":{"start":{"line":55,"column":27},"end":{"line":55,"column":73}},"10":{"start":{"line":56,"column":27},"end":{"line":56,"column":73}},"11":{"start":{"line":57,"column":8},"end":{"line":57,"column":77}},"12":{"start":{"line":62,"column":6},"end":{"line":69,"column":9}},"13":{"start":{"line":73,"column":6},"end":{"line":73,"column":26}},"14":{"start":{"line":77,"column":6},"end":{"line":77,"column":35}},"15":{"start":{"line":31,"column":0},"end":{"line":31,"column":13}},"16":{"start":{"line":87,"column":0},"end":{"line":87,"column":38}}},"fnMap":{"0":{"name":"(anonymous_0)","decl":{"start":{"line":34,"column":2},"end":{"line":34,"column":null}},"loc":{"start":{"line":34,"column":2},"end":{"line":37,"column":3}}},"1":{"name":"(anonymous_1)","decl":{"start":{"line":42,"column":2},"end":{"line":42,"column":7}},"loc":{"start":{"line":42,"column":93},"end":{"line":81,"column":3}}}},"branchMap":{"0":{"loc":{"start":{"line":53,"column":6},"end":{"line":58,"column":null}},"type":"if","locations":[{"start":{"line":53,"column":6},"end":{"line":58,"column":null}},{"start":{"line":53,"column":6},"end":{"line":58,"column":null}}]}},"s":{"0":1,"1":1,"2":6,"3":0,"4":0,"5":0,"6":0,"7":0,"8":0,"9":0,"10":0,"11":0,"12":0,"13":0,"14":0,"15":1,"16":1},"f":{"0":6,"1":0},"b":{"0":[0,0]}}
,"/Users/marcjabbour/Downloads/fabric-cli-master-functional/src/lib/FabricHelper.ts": {"path":"/Users/marcjabbour/Downloads/fabric-cli-master-functional/src/lib/FabricHelper.ts","statementMap":{"0":{"start":{"line":17,"column":0},"end":{"line":17,"column":45}},"1":{"start":{"line":18,"column":0},"end":{"line":18,"column":46}},"2":{"start":{"line":19,"column":0},"end":{"line":19,"column":31}},"3":{"start":{"line":20,"column":0},"end":{"line":20,"column":33}},"4":{"start":{"line":21,"column":0},"end":{"line":21,"column":31}},"5":{"start":{"line":22,"column":0},"end":{"line":22,"column":48}},"6":{"start":{"line":24,"column":21},"end":{"line":24,"column":49}},"7":{"start":{"line":26,"column":15},"end":{"line":26,"column":47}},"8":{"start":{"line":28,"column":22},"end":{"line":30,"column":12}},"9":{"start":{"line":32,"column":0},"end":{"line":32,"column":31}},"10":{"start":{"line":33,"column":0},"end":{"line":33,"column":31}},"11":{"start":{"line":200,"column":12},"end":{"line":200,"column":51}},"12":{"start":{"line":215,"column":8},"end":{"line":215,"column":31}},"13":{"start":{"line":216,"column":8},"end":{"line":216,"column":53}},"14":{"start":{"line":217,"column":8},"end":{"line":217,"column":59}},"15":{"start":{"line":218,"column":8},"end":{"line":218,"column":28}},"16":{"start":{"line":219,"column":8},"end":{"line":219,"column":59}},"17":{"start":{"line":220,"column":8},"end":{"line":220,"column":null}},"18":{"start":{"line":221,"column":8},"end":{"line":221,"column":22}},"19":{"start":{"line":222,"column":8},"end":{"line":222,"column":26}},"20":{"start":{"line":226,"column":23},"end":{"line":226,"column":41}},"21":{"start":{"line":227,"column":28},"end":{"line":227,"column":57}},"22":{"start":{"line":228,"column":8},"end":{"line":232,"column":10}},"23":{"start":{"line":233,"column":8},"end":{"line":233,"column":43}},"24":{"start":{"line":236,"column":26},"end":{"line":236,"column":94}},"25":{"start":{"line":237,"column":27},"end":{"line":237,"column":72}},"26":{"start":{"line":238,"column":21},"end":{"line":238,"column":25}},"27":{"start":{"line":239,"column":8},"end":{"line":255,"column":11}},"28":{"start":{"line":240,"column":12},"end":{"line":254,"column":null}},"29":{"start":{"line":241,"column":16},"end":{"line":253,"column":null}},"30":{"start":{"line":242,"column":35},"end":{"line":242,"column":44}},"31":{"start":{"line":243,"column":34},"end":{"line":243,"column":59}},"32":{"start":{"line":244,"column":20},"end":{"line":244,"column":70}},"33":{"start":{"line":245,"column":20},"end":{"line":245,"column":61}},"34":{"start":{"line":246,"column":20},"end":{"line":246,"column":59}},"35":{"start":{"line":247,"column":20},"end":{"line":252,"column":22}},"36":{"start":{"line":258,"column":8},"end":{"line":264,"column":null}},"37":{"start":{"line":259,"column":12},"end":{"line":259,"column":104}},"38":{"start":{"line":260,"column":12},"end":{"line":260,"column":112}},"39":{"start":{"line":263,"column":12},"end":{"line":263,"column":null}},"40":{"start":{"line":38,"column":23},"end":{"line":38,"column":51}},"41":{"start":{"line":39,"column":8},"end":{"line":39,"column":38}},"42":{"start":{"line":40,"column":8},"end":{"line":40,"column":22}},"43":{"start":{"line":49,"column":12},"end":{"line":49,"column":29}},"44":{"start":{"line":51,"column":28},"end":{"line":52,"column":null}},"45":{"start":{"line":52,"column":26},"end":{"line":52,"column":51}},"46":{"start":{"line":55,"column":8},"end":{"line":66,"column":null}},"47":{"start":{"line":56,"column":12},"end":{"line":60,"column":14}},"48":{"start":{"line":61,"column":12},"end":{"line":65,"column":14}},"49":{"start":{"line":69,"column":34},"end":{"line":69,"column":78}},"50":{"start":{"line":71,"column":34},"end":{"line":72,"column":null}},"51":{"start":{"line":72,"column":26},"end":{"line":72,"column":79}},"52":{"start":{"line":75,"column":8},"end":{"line":86,"column":null}},"53":{"start":{"line":76,"column":12},"end":{"line":80,"column":14}},"54":{"start":{"line":81,"column":12},"end":{"line":85,"column":14}},"55":{"start":{"line":92,"column":8},"end":{"line":108,"column":null}},"56":{"start":{"line":93,"column":12},"end":{"line":97,"column":14}},"57":{"start":{"line":99,"column":12},"end":{"line":103,"column":14}},"58":{"start":{"line":105,"column":12},"end":{"line":107,"column":14}},"59":{"start":{"line":114,"column":24},"end":{"line":114,"column":26}},"60":{"start":{"line":115,"column":8},"end":{"line":117,"column":null}},"61":{"start":{"line":116,"column":12},"end":{"line":116,"column":43}},"62":{"start":{"line":118,"column":8},"end":{"line":118,"column":null}},"63":{"start":{"line":125,"column":25},"end":{"line":125,"column":56}},"64":{"start":{"line":126,"column":25},"end":{"line":126,"column":61}},"65":{"start":{"line":128,"column":8},"end":{"line":163,"column":11}},"66":{"start":{"line":129,"column":12},"end":{"line":161,"column":14}},"67":{"start":{"line":132,"column":20},"end":{"line":145,"column":null}},"68":{"start":{"line":133,"column":24},"end":{"line":135,"column":26}},"69":{"start":{"line":136,"column":24},"end":{"line":136,"column":34}},"70":{"start":{"line":138,"column":24},"end":{"line":140,"column":26}},"71":{"start":{"line":142,"column":24},"end":{"line":144,"column":26}},"72":{"start":{"line":148,"column":20},"end":{"line":152,"column":22}},"73":{"start":{"line":153,"column":20},"end":{"line":153,"column":32}},"74":{"start":{"line":162,"column":12},"end":{"line":162,"column":35}},"75":{"start":{"line":179,"column":8},"end":{"line":191,"column":null}},"76":{"start":{"line":180,"column":12},"end":{"line":180,"column":51}},"77":{"start":{"line":181,"column":12},"end":{"line":184,"column":14}},"78":{"start":{"line":186,"column":12},"end":{"line":186,"column":55}},"79":{"start":{"line":187,"column":12},"end":{"line":190,"column":14}},"80":{"start":{"line":193,"column":8},"end":{"line":193,"column":33}},"81":{"start":{"line":276,"column":8},"end":{"line":276,"column":52}},"82":{"start":{"line":277,"column":8},"end":{"line":277,"column":null}},"83":{"start":{"line":278,"column":8},"end":{"line":278,"column":51}},"84":{"start":{"line":279,"column":8},"end":{"line":279,"column":28}},"85":{"start":{"line":289,"column":8},"end":{"line":291,"column":null}},"86":{"start":{"line":290,"column":12},"end":{"line":290,"column":51}},"87":{"start":{"line":292,"column":8},"end":{"line":296,"column":null}},"88":{"start":{"line":293,"column":12},"end":{"line":295,"column":14}},"89":{"start":{"line":297,"column":27},"end":{"line":297,"column":74}},"90":{"start":{"line":298,"column":27},"end":{"line":298,"column":74}},"91":{"start":{"line":300,"column":8},"end":{"line":304,"column":null}},"92":{"start":{"line":301,"column":12},"end":{"line":303,"column":14}},"93":{"start":{"line":306,"column":8},"end":{"line":310,"column":null}},"94":{"start":{"line":307,"column":12},"end":{"line":309,"column":14}},"95":{"start":{"line":313,"column":8},"end":{"line":313,"column":63}},"96":{"start":{"line":315,"column":23},"end":{"line":315,"column":57}},"97":{"start":{"line":316,"column":24},"end":{"line":316,"column":45}},"98":{"start":{"line":318,"column":23},"end":{"line":318,"column":47}},"99":{"start":{"line":320,"column":8},"end":{"line":320,"column":51}},"100":{"start":{"line":321,"column":8},"end":{"line":321,"column":53}},"101":{"start":{"line":323,"column":8},"end":{"line":331,"column":11}},"102":{"start":{"line":35,"column":0},"end":{"line":35,"column":21}}},"fnMap":{"0":{"name":"(anonymous_0)","decl":{"start":{"line":208,"column":4},"end":{"line":208,"column":null}},"loc":{"start":{"line":213,"column":34},"end":{"line":266,"column":5}}},"1":{"name":"(anonymous_1)","decl":{"start":{"line":239,"column":26},"end":{"line":239,"column":36}},"loc":{"start":{"line":239,"column":41},"end":{"line":255,"column":9}}},"2":{"name":"(anonymous_2)","decl":{"start":{"line":240,"column":44},"end":{"line":240,"column":54}},"loc":{"start":{"line":240,"column":63},"end":{"line":254,"column":13}}},"3":{"name":"(anonymous_3)","decl":{"start":{"line":37,"column":11},"end":{"line":37,"column":17}},"loc":{"start":{"line":37,"column":77},"end":{"line":41,"column":5}}},"4":{"name":"(anonymous_4)","decl":{"start":{"line":42,"column":11},"end":{"line":42,"column":17}},"loc":{"start":{"line":46,"column":9},"end":{"line":87,"column":5}}},"5":{"name":"(anonymous_5)","decl":{"start":{"line":52,"column":12},"end":{"line":52,"column":13}},"loc":{"start":{"line":52,"column":26},"end":{"line":52,"column":51}}},"6":{"name":"(anonymous_6)","decl":{"start":{"line":72,"column":12},"end":{"line":72,"column":13}},"loc":{"start":{"line":72,"column":26},"end":{"line":72,"column":79}}},"7":{"name":"(anonymous_7)","decl":{"start":{"line":89,"column":11},"end":{"line":89,"column":17}},"loc":{"start":{"line":90,"column":48},"end":{"line":109,"column":5}}},"8":{"name":"(anonymous_8)","decl":{"start":{"line":113,"column":11},"end":{"line":113,"column":17}},"loc":{"start":{"line":113,"column":72},"end":{"line":119,"column":5}}},"9":{"name":"(anonymous_9)","decl":{"start":{"line":115,"column":29},"end":{"line":115,"column":38}},"loc":{"start":{"line":115,"column":42},"end":{"line":117,"column":9}}},"10":{"name":"(anonymous_10)","decl":{"start":{"line":121,"column":11},"end":{"line":121,"column":17}},"loc":{"start":{"line":123,"column":26},"end":{"line":164,"column":5}}},"11":{"name":"(anonymous_11)","decl":{"start":{"line":128,"column":27},"end":{"line":128,"column":37}},"loc":{"start":{"line":128,"column":52},"end":{"line":163,"column":9}}},"12":{"name":"(anonymous_12)","decl":{"start":{"line":131,"column":16},"end":{"line":131,"column":17}},"loc":{"start":{"line":131,"column":31},"end":{"line":146,"column":17}}},"13":{"name":"(anonymous_13)","decl":{"start":{"line":147,"column":16},"end":{"line":147,"column":17}},"loc":{"start":{"line":147,"column":24},"end":{"line":154,"column":17}}},"14":{"name":"(anonymous_14)","decl":{"start":{"line":166,"column":11},"end":{"line":166,"column":17}},"loc":{"start":{"line":170,"column":24},"end":{"line":194,"column":5}}},"15":{"name":"(anonymous_15)","decl":{"start":{"line":275,"column":11},"end":{"line":275,"column":16}},"loc":{"start":{"line":275,"column":27},"end":{"line":280,"column":5}}},"16":{"name":"(anonymous_16)","decl":{"start":{"line":288,"column":11},"end":{"line":288,"column":16}},"loc":{"start":{"line":288,"column":69},"end":{"line":332,"column":5}}}},"branchMap":{"0":{"loc":{"start":{"line":29,"column":6},"end":{"line":29,"column":31}},"type":"cond-expr","locations":[{"start":{"line":29,"column":6},"end":{"line":29,"column":31}},{"start":{"line":30,"column":6},"end":{"line":30,"column":12}}]},"1":{"loc":{"start":{"line":241,"column":16},"end":{"line":253,"column":null}},"type":"if","locations":[{"start":{"line":241,"column":16},"end":{"line":253,"column":null}},{"start":{"line":241,"column":16},"end":{"line":253,"column":null}}]},"2":{"loc":{"start":{"line":37,"column":71},"end":{"line":37,"column":77}},"type":"default-arg","locations":[{"start":{"line":37,"column":71},"end":{"line":37,"column":77}}]},"3":{"loc":{"start":{"line":55,"column":8},"end":{"line":66,"column":null}},"type":"if","locations":[{"start":{"line":55,"column":8},"end":{"line":66,"column":null}},{"start":{"line":55,"column":8},"end":{"line":66,"column":null}}]},"4":{"loc":{"start":{"line":72,"column":26},"end":{"line":72,"column":43}},"type":"binary-expr","locations":[{"start":{"line":72,"column":26},"end":{"line":72,"column":43}},{"start":{"line":72,"column":47},"end":{"line":72,"column":79}}]},"5":{"loc":{"start":{"line":75,"column":8},"end":{"line":86,"column":null}},"type":"if","locations":[{"start":{"line":75,"column":8},"end":{"line":86,"column":null}},{"start":{"line":75,"column":8},"end":{"line":86,"column":null}}]},"6":{"loc":{"start":{"line":92,"column":8},"end":{"line":108,"column":null}},"type":"if","locations":[{"start":{"line":92,"column":8},"end":{"line":108,"column":null}},{"start":{"line":92,"column":8},"end":{"line":108,"column":null}}]},"7":{"loc":{"start":{"line":132,"column":20},"end":{"line":145,"column":null}},"type":"if","locations":[{"start":{"line":132,"column":20},"end":{"line":145,"column":null}},{"start":{"line":132,"column":20},"end":{"line":145,"column":null}}]},"8":{"loc":{"start":{"line":179,"column":8},"end":{"line":191,"column":null}},"type":"if","locations":[{"start":{"line":179,"column":8},"end":{"line":191,"column":null}},{"start":{"line":179,"column":8},"end":{"line":191,"column":null}}]},"9":{"loc":{"start":{"line":289,"column":8},"end":{"line":291,"column":null}},"type":"if","locations":[{"start":{"line":289,"column":8},"end":{"line":291,"column":null}},{"start":{"line":289,"column":8},"end":{"line":291,"column":null}}]},"10":{"loc":{"start":{"line":292,"column":8},"end":{"line":296,"column":null}},"type":"if","locations":[{"start":{"line":292,"column":8},"end":{"line":296,"column":null}},{"start":{"line":292,"column":8},"end":{"line":296,"column":null}}]},"11":{"loc":{"start":{"line":300,"column":8},"end":{"line":304,"column":null}},"type":"if","locations":[{"start":{"line":300,"column":8},"end":{"line":304,"column":null}},{"start":{"line":300,"column":8},"end":{"line":304,"column":null}}]},"12":{"loc":{"start":{"line":300,"column":12},"end":{"line":300,"column":30}},"type":"binary-expr","locations":[{"start":{"line":300,"column":12},"end":{"line":300,"column":30}},{"start":{"line":300,"column":34},"end":{"line":300,"column":56}},{"start":{"line":300,"column":60},"end":{"line":300,"column":89}}]},"13":{"loc":{"start":{"line":306,"column":8},"end":{"line":310,"column":null}},"type":"if","locations":[{"start":{"line":306,"column":8},"end":{"line":310,"column":null}},{"start":{"line":306,"column":8},"end":{"line":310,"column":null}}]},"14":{"loc":{"start":{"line":306,"column":12},"end":{"line":306,"column":30}},"type":"binary-expr","locations":[{"start":{"line":306,"column":12},"end":{"line":306,"column":30}},{"start":{"line":306,"column":34},"end":{"line":306,"column":56}},{"start":{"line":306,"column":60},"end":{"line":306,"column":89}}]}},"s":{"0":1,"1":1,"2":1,"3":1,"4":1,"5":1,"6":1,"7":1,"8":1,"9":1,"10":1,"11":6,"12":6,"13":6,"14":6,"15":6,"16":6,"17":6,"18":6,"19":6,"20":6,"21":6,"22":6,"23":6,"24":6,"25":6,"26":6,"27":6,"28":6,"29":6,"30":6,"31":6,"32":6,"33":6,"34":6,"35":6,"36":6,"37":6,"38":6,"39":0,"40":1,"41":1,"42":1,"43":6,"44":6,"45":13,"46":6,"47":0,"48":0,"49":6,"50":6,"51":13,"52":6,"53":1,"54":1,"55":4,"56":1,"57":1,"58":3,"59":0,"60":0,"61":0,"62":0,"63":0,"64":0,"65":0,"66":0,"67":0,"68":0,"69":0,"70":0,"71":0,"72":0,"73":0,"74":0,"75":0,"76":0,"77":0,"78":0,"79":0,"80":0,"81":0,"82":0,"83":0,"84":0,"85":0,"86":0,"87":0,"88":0,"89":0,"90":0,"91":0,"92":0,"93":0,"94":0,"95":0,"96":0,"97":0,"98":0,"99":0,"100":0,"101":0,"102":1},"f":{"0":6,"1":6,"2":6,"3":1,"4":6,"5":13,"6":13,"7":4,"8":0,"9":0,"10":0,"11":0,"12":0,"13":0,"14":0,"15":0,"16":0},"b":{"0":[0,1],"1":[6,0],"2":[1],"3":[0,6],"4":[13,13],"5":[1,5],"6":[1,3],"7":[0,0],"8":[0,0],"9":[0,0],"10":[0,0],"11":[0,0],"12":[0,0,0],"13":[0,0],"14":[0,0,0]}}
,"/Users/marcjabbour/Downloads/fabric-cli-master-functional/src/lib/invoke-chaincode.ts": {"path":"/Users/marcjabbour/Downloads/fabric-cli-master-functional/src/lib/invoke-chaincode.ts","statementMap":{"0":{"start":{"line":18,"column":0},"end":{"line":18,"column":29}},"1":{"start":{"line":19,"column":0},"end":{"line":19,"column":31}},"2":{"start":{"line":20,"column":0},"end":{"line":20,"column":42}},"3":{"start":{"line":22,"column":15},"end":{"line":22,"column":57}},"4":{"start":{"line":41,"column":4},"end":{"line":43,"column":6}},"5":{"start":{"line":47,"column":25},"end":{"line":52,"column":null}},"6":{"start":{"line":55,"column":4},"end":{"line":140,"column":null}},"7":{"start":{"line":57,"column":31},"end":{"line":57,"column":62}},"8":{"start":{"line":58,"column":8},"end":{"line":60,"column":null}},"9":{"start":{"line":59,"column":12},"end":{"line":59,"column":null}},"10":{"start":{"line":62,"column":31},"end":{"line":62,"column":68}},"11":{"start":{"line":63,"column":8},"end":{"line":65,"column":null}},"12":{"start":{"line":64,"column":12},"end":{"line":64,"column":null}},"13":{"start":{"line":67,"column":37},"end":{"line":67,"column":56}},"14":{"start":{"line":68,"column":8},"end":{"line":70,"column":null}},"15":{"start":{"line":69,"column":12},"end":{"line":69,"column":null}},"16":{"start":{"line":71,"column":46},"end":{"line":71,"column":66}},"17":{"start":{"line":72,"column":8},"end":{"line":74,"column":null}},"18":{"start":{"line":73,"column":12},"end":{"line":73,"column":null}},"19":{"start":{"line":75,"column":40},"end":{"line":75,"column":99}},"20":{"start":{"line":76,"column":8},"end":{"line":78,"column":null}},"21":{"start":{"line":77,"column":12},"end":{"line":77,"column":null}},"22":{"start":{"line":80,"column":8},"end":{"line":80,"column":67}},"23":{"start":{"line":82,"column":48},"end":{"line":82,"column":52}},"24":{"start":{"line":84,"column":8},"end":{"line":84,"column":35}},"25":{"start":{"line":86,"column":8},"end":{"line":86,"column":42}},"26":{"start":{"line":88,"column":61},"end":{"line":92,"column":10}},"27":{"start":{"line":94,"column":8},"end":{"line":96,"column":null}},"28":{"start":{"line":95,"column":12},"end":{"line":95,"column":39}},"29":{"start":{"line":98,"column":8},"end":{"line":102,"column":10}},"30":{"start":{"line":104,"column":8},"end":{"line":112,"column":null}},"31":{"start":{"line":105,"column":12},"end":{"line":108,"column":14}},"32":{"start":{"line":110,"column":12},"end":{"line":110,"column":72}},"33":{"start":{"line":111,"column":12},"end":{"line":111,"column":22}},"34":{"start":{"line":114,"column":8},"end":{"line":114,"column":65}},"35":{"start":{"line":116,"column":8},"end":{"line":128,"column":null}},"36":{"start":{"line":117,"column":12},"end":{"line":117,"column":61}},"37":{"start":{"line":119,"column":12},"end":{"line":127,"column":14}},"38":{"start":{"line":130,"column":8},"end":{"line":130,"column":76}},"39":{"start":{"line":132,"column":8},"end":{"line":132,"column":68}},"40":{"start":{"line":133,"column":8},"end":{"line":133,"column":68}},"41":{"start":{"line":134,"column":8},"end":{"line":134,"column":24}},"42":{"start":{"line":138,"column":8},"end":{"line":138,"column":114}},"43":{"start":{"line":139,"column":8},"end":{"line":139,"column":20}},"44":{"start":{"line":30,"column":0},"end":{"line":30,"column":7}},"45":{"start":{"line":146,"column":22},"end":{"line":146,"column":77}},"46":{"start":{"line":147,"column":4},"end":{"line":151,"column":6}},"47":{"start":{"line":160,"column":29},"end":{"line":162,"column":null}},"48":{"start":{"line":165,"column":30},"end":{"line":165,"column":47}},"49":{"start":{"line":166,"column":21},"end":{"line":166,"column":38}},"50":{"start":{"line":168,"column":53},"end":{"line":171,"column":6}},"51":{"start":{"line":172,"column":30},"end":{"line":172,"column":77}},"52":{"start":{"line":174,"column":4},"end":{"line":174,"column":61}},"53":{"start":{"line":176,"column":4},"end":{"line":176,"column":60}},"54":{"start":{"line":178,"column":4},"end":{"line":178,"column":27}}},"fnMap":{"0":{"name":"invokeChaincode","decl":{"start":{"line":30,"column":22},"end":{"line":30,"column":37}},"loc":{"start":{"line":39,"column":30},"end":{"line":141,"column":1}}},"1":{"name":"getResponseFromProposalResponseObject","decl":{"start":{"line":143,"column":9},"end":{"line":143,"column":46}},"loc":{"start":{"line":144,"column":58},"end":{"line":152,"column":1}}},"2":{"name":"sendChaincodeInvokeProposal","decl":{"start":{"line":154,"column":15},"end":{"line":154,"column":42}},"loc":{"start":{"line":158,"column":19},"end":{"line":179,"column":1}}}},"branchMap":{"0":{"loc":{"start":{"line":58,"column":8},"end":{"line":60,"column":null}},"type":"if","locations":[{"start":{"line":58,"column":8},"end":{"line":60,"column":null}},{"start":{"line":58,"column":8},"end":{"line":60,"column":null}}]},"1":{"loc":{"start":{"line":63,"column":8},"end":{"line":65,"column":null}},"type":"if","locations":[{"start":{"line":63,"column":8},"end":{"line":65,"column":null}},{"start":{"line":63,"column":8},"end":{"line":65,"column":null}}]},"2":{"loc":{"start":{"line":68,"column":8},"end":{"line":70,"column":null}},"type":"if","locations":[{"start":{"line":68,"column":8},"end":{"line":70,"column":null}},{"start":{"line":68,"column":8},"end":{"line":70,"column":null}}]},"3":{"loc":{"start":{"line":72,"column":8},"end":{"line":74,"column":null}},"type":"if","locations":[{"start":{"line":72,"column":8},"end":{"line":74,"column":null}},{"start":{"line":72,"column":8},"end":{"line":74,"column":null}}]},"4":{"loc":{"start":{"line":76,"column":8},"end":{"line":78,"column":null}},"type":"if","locations":[{"start":{"line":76,"column":8},"end":{"line":78,"column":null}},{"start":{"line":76,"column":8},"end":{"line":78,"column":null}}]},"5":{"loc":{"start":{"line":94,"column":8},"end":{"line":96,"column":null}},"type":"if","locations":[{"start":{"line":94,"column":8},"end":{"line":96,"column":null}},{"start":{"line":94,"column":8},"end":{"line":96,"column":null}}]},"6":{"loc":{"start":{"line":116,"column":8},"end":{"line":128,"column":null}},"type":"if","locations":[{"start":{"line":116,"column":8},"end":{"line":128,"column":null}},{"start":{"line":116,"column":8},"end":{"line":128,"column":null}}]}},"s":{"0":1,"1":1,"2":1,"3":1,"4":6,"5":6,"6":6,"7":6,"8":6,"9":0,"10":6,"11":6,"12":0,"13":6,"14":6,"15":0,"16":6,"17":6,"18":0,"19":6,"20":6,"21":0,"22":6,"23":6,"24":6,"25":6,"26":6,"27":6,"28":6,"29":6,"30":6,"31":6,"32":0,"33":0,"34":6,"35":5,"36":4,"37":4,"38":4,"39":4,"40":4,"41":4,"42":2,"43":2,"44":1,"45":4,"46":4,"47":4,"48":4,"49":4,"50":4,"51":4,"52":4,"53":3,"54":3},"f":{"0":6,"1":4,"2":4},"b":{"0":[0,6],"1":[0,6],"2":[0,6],"3":[0,6],"4":[0,6],"5":[6,0],"6":[4,1]}}
}
