TN:
SF:/Users/marcjabbour/Downloads/fabric-cli-master-functional/src/helpers/wallet.ts
FN:34,(anonymous_0)
FN:43,(anonymous_1)
FN:56,(anonymous_2)
FN:67,(anonymous_3)
FN:80,(anonymous_4)
FNF:5
FNH:0
FNDA:0,(anonymous_0)
FNDA:0,(anonymous_1)
FNDA:0,(anonymous_2)
FNDA:0,(anonymous_3)
FNDA:0,(anonymous_4)
DA:17,1
DA:18,1
DA:19,1
DA:20,1
DA:21,1
DA:22,1
DA:23,1
DA:28,1
DA:29,1
DA:34,1
DA:35,0
DA:36,0
DA:43,1
DA:44,0
DA:45,0
DA:46,0
DA:47,0
DA:56,1
DA:57,0
DA:58,0
DA:59,0
DA:67,1
DA:68,0
DA:69,0
DA:70,0
DA:80,1
DA:81,0
DA:82,0
DA:83,0
DA:84,0
DA:86,0
DA:87,0
DA:91,1
LF:33
LH:15
BRF:0
BRH:0
end_of_record
TN:
SF:/Users/marcjabbour/Downloads/fabric-cli-master-functional/src/lib/CreateGateway.ts
FN:34,(anonymous_0)
FN:42,(anonymous_1)
FNF:2
FNH:1
FNDA:6,(anonymous_0)
FNDA:0,(anonymous_1)
DA:19,1
DA:20,1
DA:31,1
DA:35,6
DA:45,0
DA:46,0
DA:47,0
DA:48,0
DA:52,0
DA:53,0
DA:55,0
DA:56,0
DA:57,0
DA:62,0
DA:73,0
DA:77,0
DA:87,1
LF:17
LH:5
BRDA:53,0,0,0
BRDA:53,0,1,0
BRF:2
BRH:0
end_of_record
TN:
SF:/Users/marcjabbour/Downloads/fabric-cli-master-functional/src/lib/FabricHelper.ts
FN:208,(anonymous_0)
FN:239,(anonymous_1)
FN:240,(anonymous_2)
FN:37,(anonymous_3)
FN:42,(anonymous_4)
FN:52,(anonymous_5)
FN:72,(anonymous_6)
FN:89,(anonymous_7)
FN:113,(anonymous_8)
FN:115,(anonymous_9)
FN:121,(anonymous_10)
FN:128,(anonymous_11)
FN:131,(anonymous_12)
FN:147,(anonymous_13)
FN:166,(anonymous_14)
FN:275,(anonymous_15)
FN:288,(anonymous_16)
FNF:17
FNH:8
FNDA:6,(anonymous_0)
FNDA:6,(anonymous_1)
FNDA:6,(anonymous_2)
FNDA:1,(anonymous_3)
FNDA:6,(anonymous_4)
FNDA:13,(anonymous_5)
FNDA:13,(anonymous_6)
FNDA:4,(anonymous_7)
FNDA:0,(anonymous_8)
FNDA:0,(anonymous_9)
FNDA:0,(anonymous_10)
FNDA:0,(anonymous_11)
FNDA:0,(anonymous_12)
FNDA:0,(anonymous_13)
FNDA:0,(anonymous_14)
FNDA:0,(anonymous_15)
FNDA:0,(anonymous_16)
DA:17,1
DA:18,1
DA:19,1
DA:20,1
DA:21,1
DA:22,1
DA:24,1
DA:26,1
DA:28,1
DA:32,1
DA:33,1
DA:35,1
DA:38,1
DA:39,1
DA:40,1
DA:49,6
DA:51,6
DA:52,13
DA:55,6
DA:56,0
DA:61,0
DA:69,6
DA:71,6
DA:72,13
DA:75,6
DA:76,1
DA:81,1
DA:92,4
DA:93,1
DA:99,1
DA:105,3
DA:114,0
DA:115,0
DA:116,0
DA:118,0
DA:125,0
DA:126,0
DA:128,0
DA:129,0
DA:132,0
DA:133,0
DA:136,0
DA:138,0
DA:142,0
DA:148,0
DA:153,0
DA:162,0
DA:179,0
DA:180,0
DA:181,0
DA:186,0
DA:187,0
DA:193,0
DA:200,6
DA:215,6
DA:216,6
DA:217,6
DA:218,6
DA:219,6
DA:220,6
DA:221,6
DA:222,6
DA:226,6
DA:227,6
DA:228,6
DA:233,6
DA:236,6
DA:237,6
DA:238,6
DA:239,6
DA:240,6
DA:241,6
DA:242,6
DA:243,6
DA:244,6
DA:245,6
DA:246,6
DA:247,6
DA:258,6
DA:259,6
DA:260,6
DA:263,0
DA:276,0
DA:277,0
DA:278,0
DA:279,0
DA:289,0
DA:290,0
DA:292,0
DA:293,0
DA:297,0
DA:298,0
DA:300,0
DA:301,0
DA:306,0
DA:307,0
DA:313,0
DA:315,0
DA:316,0
DA:318,0
DA:320,0
DA:321,0
DA:323,0
LF:103
LH:57
BRDA:29,0,0,0
BRDA:29,0,1,1
BRDA:241,1,0,6
BRDA:241,1,1,0
BRDA:37,2,0,1
BRDA:55,3,0,0
BRDA:55,3,1,6
BRDA:72,4,0,13
BRDA:72,4,1,13
BRDA:75,5,0,1
BRDA:75,5,1,5
BRDA:92,6,0,1
BRDA:92,6,1,3
BRDA:132,7,0,0
BRDA:132,7,1,0
BRDA:179,8,0,0
BRDA:179,8,1,0
BRDA:289,9,0,0
BRDA:289,9,1,0
BRDA:292,10,0,0
BRDA:292,10,1,0
BRDA:300,11,0,0
BRDA:300,11,1,0
BRDA:300,12,0,0
BRDA:300,12,1,0
BRDA:300,12,2,0
BRDA:306,13,0,0
BRDA:306,13,1,0
BRDA:306,14,0,0
BRDA:306,14,1,0
BRDA:306,14,2,0
BRF:31
BRH:10
end_of_record
TN:
SF:/Users/marcjabbour/Downloads/fabric-cli-master-functional/src/lib/invoke-chaincode.ts
FN:30,invokeChaincode
FN:143,getResponseFromProposalResponseObject
FN:154,sendChaincodeInvokeProposal
FNF:3
FNH:3
FNDA:6,invokeChaincode
FNDA:4,getResponseFromProposalResponseObject
FNDA:4,sendChaincodeInvokeProposal
DA:18,1
DA:19,1
DA:20,1
DA:22,1
DA:30,1
DA:41,6
DA:47,6
DA:55,6
DA:57,6
DA:58,6
DA:59,0
DA:62,6
DA:63,6
DA:64,0
DA:67,6
DA:68,6
DA:69,0
DA:71,6
DA:72,6
DA:73,0
DA:75,6
DA:76,6
DA:77,0
DA:80,6
DA:82,6
DA:84,6
DA:86,6
DA:88,6
DA:94,6
DA:95,6
DA:98,6
DA:104,6
DA:105,6
DA:110,0
DA:111,0
DA:114,6
DA:116,5
DA:117,4
DA:119,4
DA:130,4
DA:132,4
DA:133,4
DA:134,4
DA:138,2
DA:139,2
DA:146,4
DA:147,4
DA:160,4
DA:165,4
DA:166,4
DA:168,4
DA:172,4
DA:174,4
DA:176,3
DA:178,3
LF:55
LH:48
BRDA:58,0,0,0
BRDA:58,0,1,6
BRDA:63,1,0,0
BRDA:63,1,1,6
BRDA:68,2,0,0
BRDA:68,2,1,6
BRDA:72,3,0,0
BRDA:72,3,1,6
BRDA:76,4,0,0
BRDA:76,4,1,6
BRDA:94,5,0,6
BRDA:94,5,1,0
BRDA:116,6,0,4
BRDA:116,6,1,1
BRF:14
BRH:8
end_of_record
