TN:
SF:/Users/marcjabbour/Downloads/fabric-cli-master-functional/src/helpers/wallet.ts
FN:34,(anonymous_0)
FN:43,(anonymous_1)
FN:56,(anonymous_2)
FN:67,(anonymous_3)
FN:80,(anonymous_4)
FNF:5
FNH:0
FNDA:0,(anonymous_0)
FNDA:0,(anonymous_1)
FNDA:0,(anonymous_2)
FNDA:0,(anonymous_3)
FNDA:0,(anonymous_4)
DA:17,1
DA:18,1
DA:19,1
DA:20,1
DA:21,1
DA:22,1
DA:23,1
DA:28,1
DA:29,1
DA:34,1
DA:35,0
DA:36,0
DA:43,1
DA:44,0
DA:45,0
DA:46,0
DA:47,0
DA:56,1
DA:57,0
DA:58,0
DA:59,0
DA:67,1
DA:68,0
DA:69,0
DA:70,0
DA:80,1
DA:81,0
DA:82,0
DA:83,0
DA:84,0
DA:86,0
DA:87,0
DA:91,1
LF:33
LH:15
BRF:0
BRH:0
end_of_record
TN:
SF:/Users/marcjabbour/Downloads/fabric-cli-master-functional/src/lib/CreateGateway.ts
FN:34,(anonymous_0)
FN:42,(anonymous_1)
FNF:2
FNH:1
FNDA:3,(anonymous_0)
FNDA:0,(anonymous_1)
DA:19,1
DA:20,1
DA:31,1
DA:35,3
DA:45,0
DA:46,0
DA:47,0
DA:48,0
DA:52,0
DA:53,0
DA:55,0
DA:56,0
DA:57,0
DA:62,0
DA:73,0
DA:77,0
DA:87,1
LF:17
LH:5
BRDA:53,0,0,0
BRDA:53,0,1,0
BRF:2
BRH:0
end_of_record
TN:
SF:/Users/marcjabbour/Downloads/fabric-cli-master-functional/src/lib/FabricHelper.ts
FN:208,(anonymous_0)
FN:239,(anonymous_1)
FN:240,(anonymous_2)
FN:37,(anonymous_3)
FN:42,(anonymous_4)
FN:52,(anonymous_5)
FN:72,(anonymous_6)
FN:89,(anonymous_7)
FN:113,(anonymous_8)
FN:115,(anonymous_9)
FN:121,(anonymous_10)
FN:128,(anonymous_11)
FN:131,(anonymous_12)
FN:147,(anonymous_13)
FN:166,(anonymous_14)
FN:275,(anonymous_15)
FN:288,(anonymous_16)
FNF:17
FNH:5
FNDA:3,(anonymous_0)
FNDA:3,(anonymous_1)
FNDA:3,(anonymous_2)
FNDA:1,(anonymous_3)
FNDA:0,(anonymous_4)
FNDA:0,(anonymous_5)
FNDA:0,(anonymous_6)
FNDA:0,(anonymous_7)
FNDA:3,(anonymous_8)
FNDA:0,(anonymous_9)
FNDA:0,(anonymous_10)
FNDA:0,(anonymous_11)
FNDA:0,(anonymous_12)
FNDA:0,(anonymous_13)
FNDA:0,(anonymous_14)
FNDA:0,(anonymous_15)
FNDA:0,(anonymous_16)
DA:17,1
DA:18,1
DA:19,1
DA:20,1
DA:21,1
DA:22,1
DA:24,1
DA:26,1
DA:28,1
DA:32,1
DA:33,1
DA:35,1
DA:38,1
DA:39,1
DA:40,1
DA:49,0
DA:51,0
DA:52,0
DA:55,0
DA:56,0
DA:61,0
DA:69,0
DA:71,0
DA:72,0
DA:75,0
DA:76,0
DA:81,0
DA:92,0
DA:93,0
DA:99,0
DA:105,0
DA:114,3
DA:115,3
DA:116,0
DA:118,3
DA:125,0
DA:126,0
DA:128,0
DA:129,0
DA:132,0
DA:133,0
DA:136,0
DA:138,0
DA:142,0
DA:148,0
DA:153,0
DA:162,0
DA:179,0
DA:180,0
DA:181,0
DA:186,0
DA:187,0
DA:193,0
DA:200,3
DA:215,3
DA:216,3
DA:217,3
DA:218,3
DA:219,3
DA:220,3
DA:221,3
DA:222,3
DA:226,3
DA:227,3
DA:228,3
DA:233,3
DA:236,3
DA:237,3
DA:238,3
DA:239,3
DA:240,3
DA:241,3
DA:242,3
DA:243,3
DA:244,3
DA:245,3
DA:246,3
DA:247,3
DA:258,3
DA:259,3
DA:260,3
DA:263,0
DA:276,0
DA:277,0
DA:278,0
DA:279,0
DA:289,0
DA:290,0
DA:294,0
DA:295,0
DA:297,0
DA:298,0
DA:303,0
DA:304,0
DA:310,0
DA:312,0
DA:313,0
DA:315,0
DA:317,0
DA:318,0
DA:320,0
LF:101
LH:46
BRDA:29,0,0,0
BRDA:29,0,1,1
BRDA:241,1,0,3
BRDA:241,1,1,0
BRDA:37,2,0,1
BRDA:55,3,0,0
BRDA:55,3,1,0
BRDA:72,4,0,0
BRDA:72,4,1,0
BRDA:75,5,0,0
BRDA:75,5,1,0
BRDA:92,6,0,0
BRDA:92,6,1,0
BRDA:132,7,0,0
BRDA:132,7,1,0
BRDA:179,8,0,0
BRDA:179,8,1,0
BRDA:289,9,0,0
BRDA:289,9,1,0
BRDA:297,10,0,0
BRDA:297,10,1,0
BRDA:297,11,0,0
BRDA:297,11,1,0
BRDA:297,11,2,0
BRDA:303,12,0,0
BRDA:303,12,1,0
BRDA:303,13,0,0
BRDA:303,13,1,0
BRDA:303,13,2,0
BRF:29
BRH:3
end_of_record
TN:
SF:/Users/marcjabbour/Downloads/fabric-cli-master-functional/src/lib/constants.ts
FNF:0
FNH:0
DA:2,1
LF:1
LH:1
BRF:0
BRH:0
end_of_record
TN:
SF:/Users/marcjabbour/Downloads/fabric-cli-master-functional/src/lib/install-chaincode.ts
FN:26,installChaincode
FN:111,installChaincodeOnPeersInRequest
FNF:2
FNH:2
FNDA:3,installChaincode
FNDA:3,installChaincodeOnPeersInRequest
DA:17,1
DA:18,1
DA:20,1
DA:21,1
DA:24,1
DA:26,1
DA:36,3
DA:46,3
DA:54,3
DA:56,3
DA:57,3
DA:58,0
DA:61,3
DA:62,3
DA:63,0
DA:65,3
DA:66,3
DA:67,0
DA:69,3
DA:70,3
DA:71,0
DA:74,3
DA:76,3
DA:84,3
DA:88,3
DA:89,3
DA:94,0
DA:97,3
DA:100,3
DA:102,3
DA:107,0
DA:120,3
DA:121,3
DA:126,3
DA:128,0
DA:129,0
DA:130,0
DA:133,3
LF:38
LH:29
BRDA:33,0,0,0
BRDA:57,1,0,0
BRDA:57,1,1,3
BRDA:62,2,0,0
BRDA:62,2,1,3
BRDA:66,3,0,0
BRDA:66,3,1,3
BRDA:70,4,0,0
BRDA:70,4,1,3
BRF:9
BRH:4
end_of_record
